INFO - 2024-01-24 07:43:48 --> Session: Class initialized using 'CodeIgniter\Session\Handlers\FileHandler' driver.
INFO - 2024-01-24 07:44:36 --> Session: Class initialized using 'CodeIgniter\Session\Handlers\FileHandler' driver.
INFO - 2024-01-24 07:44:36 --> Session: Class initialized using 'CodeIgniter\Session\Handlers\FileHandler' driver.
INFO - 2024-01-24 07:50:58 --> Session: Class initialized using 'CodeIgniter\Session\Handlers\FileHandler' driver.
INFO - 2024-01-24 07:51:05 --> Session: Class initialized using 'CodeIgniter\Session\Handlers\FileHandler' driver.
INFO - 2024-01-24 07:51:06 --> Session: Class initialized using 'CodeIgniter\Session\Handlers\FileHandler' driver.
CRITICAL - 2024-01-24 09:12:49 --> Undefined array key "id_pel"
in APPPATH\Views\Pelanggan\vpelanggan.php on line 54.
 1 APPPATH\Views\Pelanggan\vpelanggan.php(54): CodeIgniter\Debug\Exceptions->errorHandler(2, 'Undefined array key "id_pel"', 'D:\\Data Ridho\\Kuliah Ridho\\Semester 5\\WEB - 2 Ridho Rahman 2110026\\Quiz_web\\app\\Views\\Pelanggan\\vpelanggan.php', 54)
 2 SYSTEMPATH\View\View.php(226): include('D:\\Data Ridho\\Kuliah Ridho\\Semester 5\\WEB - 2 Ridho Rahman 2110026\\Quiz_web\\app\\Views\\Pelanggan\\vpelanggan.php')
 3 SYSTEMPATH\View\View.php(229): CodeIgniter\View\View->CodeIgniter\View\{closure}()
 4 SYSTEMPATH\Common.php(1188): CodeIgniter\View\View->render('pelanggan/vpelanggan', [], true)
 5 APPPATH\Controllers\Pelanggan.php(15): view('pelanggan/vpelanggan', [...])
 6 SYSTEMPATH\CodeIgniter.php(919): App\Controllers\pelanggan->index()
 7 SYSTEMPATH\CodeIgniter.php(494): CodeIgniter\CodeIgniter->runController(Object(App\Controllers\pelanggan))
 8 SYSTEMPATH\CodeIgniter.php(353): CodeIgniter\CodeIgniter->handleRequest(null, Object(Config\Cache), false)
 9 FCPATH\index.php(79): CodeIgniter\CodeIgniter->run()
10 SYSTEMPATH\Commands\Server\rewrite.php(47): require_once('D:\\Data Ridho\\Kuliah Ridho\\Semester 5\\WEB - 2 Ridho Rahman 2110026\\Quiz_web\\public\\index.php')
CRITICAL - 2024-01-24 09:13:45 --> Undefined array key "id_pel"
in APPPATH\Views\Pelanggan\vpelanggan.php on line 54.
 1 APPPATH\Views\Pelanggan\vpelanggan.php(54): CodeIgniter\Debug\Exceptions->errorHandler(2, 'Undefined array key "id_pel"', 'D:\\Data Ridho\\Kuliah Ridho\\Semester 5\\WEB - 2 Ridho Rahman 2110026\\Quiz_web\\app\\Views\\Pelanggan\\vpelanggan.php', 54)
 2 SYSTEMPATH\View\View.php(226): include('D:\\Data Ridho\\Kuliah Ridho\\Semester 5\\WEB - 2 Ridho Rahman 2110026\\Quiz_web\\app\\Views\\Pelanggan\\vpelanggan.php')
 3 SYSTEMPATH\View\View.php(229): CodeIgniter\View\View->CodeIgniter\View\{closure}()
 4 SYSTEMPATH\Common.php(1188): CodeIgniter\View\View->render('pelanggan/vpelanggan', [], true)
 5 APPPATH\Controllers\Pelanggan.php(15): view('pelanggan/vpelanggan', [...])
 6 SYSTEMPATH\CodeIgniter.php(919): App\Controllers\pelanggan->index()
 7 SYSTEMPATH\CodeIgniter.php(494): CodeIgniter\CodeIgniter->runController(Object(App\Controllers\pelanggan))
 8 SYSTEMPATH\CodeIgniter.php(353): CodeIgniter\CodeIgniter->handleRequest(null, Object(Config\Cache), false)
 9 FCPATH\index.php(79): CodeIgniter\CodeIgniter->run()
10 SYSTEMPATH\Commands\Server\rewrite.php(47): require_once('D:\\Data Ridho\\Kuliah Ridho\\Semester 5\\WEB - 2 Ridho Rahman 2110026\\Quiz_web\\public\\index.php')
CRITICAL - 2024-01-24 09:13:46 --> Undefined array key "id_pel"
in APPPATH\Views\Pelanggan\vpelanggan.php on line 54.
 1 APPPATH\Views\Pelanggan\vpelanggan.php(54): CodeIgniter\Debug\Exceptions->errorHandler(2, 'Undefined array key "id_pel"', 'D:\\Data Ridho\\Kuliah Ridho\\Semester 5\\WEB - 2 Ridho Rahman 2110026\\Quiz_web\\app\\Views\\Pelanggan\\vpelanggan.php', 54)
 2 SYSTEMPATH\View\View.php(226): include('D:\\Data Ridho\\Kuliah Ridho\\Semester 5\\WEB - 2 Ridho Rahman 2110026\\Quiz_web\\app\\Views\\Pelanggan\\vpelanggan.php')
 3 SYSTEMPATH\View\View.php(229): CodeIgniter\View\View->CodeIgniter\View\{closure}()
 4 SYSTEMPATH\Common.php(1188): CodeIgniter\View\View->render('pelanggan/vpelanggan', [], true)
 5 APPPATH\Controllers\Pelanggan.php(15): view('pelanggan/vpelanggan', [...])
 6 SYSTEMPATH\CodeIgniter.php(919): App\Controllers\pelanggan->index()
 7 SYSTEMPATH\CodeIgniter.php(494): CodeIgniter\CodeIgniter->runController(Object(App\Controllers\pelanggan))
 8 SYSTEMPATH\CodeIgniter.php(353): CodeIgniter\CodeIgniter->handleRequest(null, Object(Config\Cache), false)
 9 FCPATH\index.php(79): CodeIgniter\CodeIgniter->run()
10 SYSTEMPATH\Commands\Server\rewrite.php(47): require_once('D:\\Data Ridho\\Kuliah Ridho\\Semester 5\\WEB - 2 Ridho Rahman 2110026\\Quiz_web\\public\\index.php')
CRITICAL - 2024-01-24 09:13:46 --> Undefined array key "id_pel"
in APPPATH\Views\Pelanggan\vpelanggan.php on line 54.
 1 APPPATH\Views\Pelanggan\vpelanggan.php(54): CodeIgniter\Debug\Exceptions->errorHandler(2, 'Undefined array key "id_pel"', 'D:\\Data Ridho\\Kuliah Ridho\\Semester 5\\WEB - 2 Ridho Rahman 2110026\\Quiz_web\\app\\Views\\Pelanggan\\vpelanggan.php', 54)
 2 SYSTEMPATH\View\View.php(226): include('D:\\Data Ridho\\Kuliah Ridho\\Semester 5\\WEB - 2 Ridho Rahman 2110026\\Quiz_web\\app\\Views\\Pelanggan\\vpelanggan.php')
 3 SYSTEMPATH\View\View.php(229): CodeIgniter\View\View->CodeIgniter\View\{closure}()
 4 SYSTEMPATH\Common.php(1188): CodeIgniter\View\View->render('pelanggan/vpelanggan', [], true)
 5 APPPATH\Controllers\Pelanggan.php(15): view('pelanggan/vpelanggan', [...])
 6 SYSTEMPATH\CodeIgniter.php(919): App\Controllers\pelanggan->index()
 7 SYSTEMPATH\CodeIgniter.php(494): CodeIgniter\CodeIgniter->runController(Object(App\Controllers\pelanggan))
 8 SYSTEMPATH\CodeIgniter.php(353): CodeIgniter\CodeIgniter->handleRequest(null, Object(Config\Cache), false)
 9 FCPATH\index.php(79): CodeIgniter\CodeIgniter->run()
10 SYSTEMPATH\Commands\Server\rewrite.php(47): require_once('D:\\Data Ridho\\Kuliah Ridho\\Semester 5\\WEB - 2 Ridho Rahman 2110026\\Quiz_web\\public\\index.php')
CRITICAL - 2024-01-24 09:13:55 --> Undefined array key "id_pel"
in APPPATH\Views\Pelanggan\vpelanggan.php on line 57.
 1 APPPATH\Views\Pelanggan\vpelanggan.php(57): CodeIgniter\Debug\Exceptions->errorHandler(2, 'Undefined array key "id_pel"', 'D:\\Data Ridho\\Kuliah Ridho\\Semester 5\\WEB - 2 Ridho Rahman 2110026\\Quiz_web\\app\\Views\\Pelanggan\\vpelanggan.php', 57)
 2 SYSTEMPATH\View\View.php(226): include('D:\\Data Ridho\\Kuliah Ridho\\Semester 5\\WEB - 2 Ridho Rahman 2110026\\Quiz_web\\app\\Views\\Pelanggan\\vpelanggan.php')
 3 SYSTEMPATH\View\View.php(229): CodeIgniter\View\View->CodeIgniter\View\{closure}()
 4 SYSTEMPATH\Common.php(1188): CodeIgniter\View\View->render('pelanggan/vpelanggan', [], true)
 5 APPPATH\Controllers\Pelanggan.php(15): view('pelanggan/vpelanggan', [...])
 6 SYSTEMPATH\CodeIgniter.php(919): App\Controllers\pelanggan->index()
 7 SYSTEMPATH\CodeIgniter.php(494): CodeIgniter\CodeIgniter->runController(Object(App\Controllers\pelanggan))
 8 SYSTEMPATH\CodeIgniter.php(353): CodeIgniter\CodeIgniter->handleRequest(null, Object(Config\Cache), false)
 9 FCPATH\index.php(79): CodeIgniter\CodeIgniter->run()
10 SYSTEMPATH\Commands\Server\rewrite.php(47): require_once('D:\\Data Ridho\\Kuliah Ridho\\Semester 5\\WEB - 2 Ridho Rahman 2110026\\Quiz_web\\public\\index.php')
CRITICAL - 2024-01-24 09:13:57 --> Undefined array key "id_pel"
in APPPATH\Views\Pelanggan\vpelanggan.php on line 57.
 1 APPPATH\Views\Pelanggan\vpelanggan.php(57): CodeIgniter\Debug\Exceptions->errorHandler(2, 'Undefined array key "id_pel"', 'D:\\Data Ridho\\Kuliah Ridho\\Semester 5\\WEB - 2 Ridho Rahman 2110026\\Quiz_web\\app\\Views\\Pelanggan\\vpelanggan.php', 57)
 2 SYSTEMPATH\View\View.php(226): include('D:\\Data Ridho\\Kuliah Ridho\\Semester 5\\WEB - 2 Ridho Rahman 2110026\\Quiz_web\\app\\Views\\Pelanggan\\vpelanggan.php')
 3 SYSTEMPATH\View\View.php(229): CodeIgniter\View\View->CodeIgniter\View\{closure}()
 4 SYSTEMPATH\Common.php(1188): CodeIgniter\View\View->render('pelanggan/vpelanggan', [], true)
 5 APPPATH\Controllers\Pelanggan.php(15): view('pelanggan/vpelanggan', [...])
 6 SYSTEMPATH\CodeIgniter.php(919): App\Controllers\pelanggan->index()
 7 SYSTEMPATH\CodeIgniter.php(494): CodeIgniter\CodeIgniter->runController(Object(App\Controllers\pelanggan))
 8 SYSTEMPATH\CodeIgniter.php(353): CodeIgniter\CodeIgniter->handleRequest(null, Object(Config\Cache), false)
 9 FCPATH\index.php(79): CodeIgniter\CodeIgniter->run()
10 SYSTEMPATH\Commands\Server\rewrite.php(47): require_once('D:\\Data Ridho\\Kuliah Ridho\\Semester 5\\WEB - 2 Ridho Rahman 2110026\\Quiz_web\\public\\index.php')
CRITICAL - 2024-01-24 09:13:57 --> Undefined array key "id_pel"
in APPPATH\Views\Pelanggan\vpelanggan.php on line 57.
 1 APPPATH\Views\Pelanggan\vpelanggan.php(57): CodeIgniter\Debug\Exceptions->errorHandler(2, 'Undefined array key "id_pel"', 'D:\\Data Ridho\\Kuliah Ridho\\Semester 5\\WEB - 2 Ridho Rahman 2110026\\Quiz_web\\app\\Views\\Pelanggan\\vpelanggan.php', 57)
 2 SYSTEMPATH\View\View.php(226): include('D:\\Data Ridho\\Kuliah Ridho\\Semester 5\\WEB - 2 Ridho Rahman 2110026\\Quiz_web\\app\\Views\\Pelanggan\\vpelanggan.php')
 3 SYSTEMPATH\View\View.php(229): CodeIgniter\View\View->CodeIgniter\View\{closure}()
 4 SYSTEMPATH\Common.php(1188): CodeIgniter\View\View->render('pelanggan/vpelanggan', [], true)
 5 APPPATH\Controllers\Pelanggan.php(15): view('pelanggan/vpelanggan', [...])
 6 SYSTEMPATH\CodeIgniter.php(919): App\Controllers\pelanggan->index()
 7 SYSTEMPATH\CodeIgniter.php(494): CodeIgniter\CodeIgniter->runController(Object(App\Controllers\pelanggan))
 8 SYSTEMPATH\CodeIgniter.php(353): CodeIgniter\CodeIgniter->handleRequest(null, Object(Config\Cache), false)
 9 FCPATH\index.php(79): CodeIgniter\CodeIgniter->run()
10 SYSTEMPATH\Commands\Server\rewrite.php(47): require_once('D:\\Data Ridho\\Kuliah Ridho\\Semester 5\\WEB - 2 Ridho Rahman 2110026\\Quiz_web\\public\\index.php')
INFO - 2024-01-24 09:14:05 --> Session: Class initialized using 'CodeIgniter\Session\Handlers\FileHandler' driver.
INFO - 2024-01-24 09:35:48 --> Session: Class initialized using 'CodeIgniter\Session\Handlers\FileHandler' driver.
